#
# There is insufficient memory for the Java Runtime Environment to continue.
# Native memory allocation (malloc) failed to allocate 1048576 bytes. Error detail: AllocateHeap
# Possible reasons:
#   The system is out of physical RAM or swap space
#   This process is running with CompressedOops enabled, and the Java Heap may be blocking the growth of the native heap
# Possible solutions:
#   Reduce memory load on the system
#   Increase physical memory or swap space
#   Check if swap backing store is full
#   Decrease Java heap size (-Xmx/-Xms)
#   Decrease number of Java threads
#   Decrease Java thread stack sizes (-Xss)
#   Set larger code cache with -XX:ReservedCodeCacheSize=
#   JVM is running with Unscaled Compressed Oops mode in which the Java heap is
#     placed in the first 4GB address space. The Java Heap base address is the
#     maximum limit for the native heap growth. Please use -XX:HeapBaseMinAddress
#     to set the Java Heap base and to place the Java Heap above 4GB virtual address.
# This output file may be truncated or incomplete.
#
#  Out of Memory Error (allocation.cpp:44), pid=23592, tid=30016
#
# JRE version: OpenJDK Runtime Environment Temurin-21.0.10+7 (21.0.10+7) (build 21.0.10+7-LTS)
# Java VM: OpenJDK 64-Bit Server VM Temurin-21.0.10+7 (21.0.10+7-LTS, mixed mode, sharing, tiered, compressed oops, compressed class ptrs, parallel gc, windows-amd64)
# No core dump will be written. Minidumps are not enabled by default on client versions of Windows
#

---------------  S U M M A R Y ------------

Command Line: --add-modules=ALL-SYSTEM --add-opens=java.base/java.util=ALL-UNNAMED --add-opens=java.base/java.lang=ALL-UNNAMED --add-opens=java.base/sun.nio.fs=ALL-UNNAMED -Declipse.application=org.eclipse.jdt.ls.core.id1 -Dosgi.bundles.defaultStartLevel=4 -Declipse.product=org.eclipse.jdt.ls.core.product -Djava.import.generatesMetadataFilesAtProjectRoot=false -DDetectVMInstallationsJob.disabled=true -Dfile.encoding=utf8 -XX:+UseParallelGC -XX:GCTimeRatio=4 -XX:AdaptiveSizePolicyWeight=90 -Dsun.zip.disableMemoryMapping=true -Xmx2G -Xms100m -Xlog:disable -javaagent:c:\Users\kirby\.vscode\extensions\redhat.java-1.54.0-win32-x64\lombok\lombok-1.18.39-4050.jar -XX:+HeapDumpOnOutOfMemoryError -XX:HeapDumpPath=c:\Users\kirby\AppData\Roaming\Code\User\workspaceStorage\f46ee4ad3ff233f24fa9a92908b3582b\redhat.java -Daether.dependencyCollector.impl=bf c:\Users\kirby\.vscode\extensions\redhat.java-1.54.0-win32-x64\server\plugins\org.eclipse.equinox.launcher_1.7.100.v20251111-0406.jar -configuration c:\Users\kirby\AppData\Roaming\Code\User\globalStorage\redhat.java\1.54.0\config_win -data c:\Users\kirby\AppData\Roaming\Code\User\workspaceStorage\f46ee4ad3ff233f24fa9a92908b3582b\redhat.java\jdt_ws --pipe=\\.\pipe\lsp-66686d1cccae07e28963b7e8ec341b95-sock

Host: 12th Gen Intel(R) Core(TM) i5-12450H, 12 cores, 15G,  Windows 11 , 64 bit Build 26100 (10.0.26100.8328)
Time: Fri May 29 20:51:49 2026 Hora est嫕dar, Am廨ica Central elapsed time: 267204.952444 seconds (3d 2h 13m 24s)

---------------  T H R E A D  ---------------

Current thread (0x000002b605dd3bc0):  JavaThread "Attach Listener" daemon [_thread_in_vm, id=30016, stack(0x000000c26fc00000,0x000000c26fd00000) (1024K)]

Stack: [0x000000c26fc00000,0x000000c26fd00000]
Native frames: (J=compiled Java code, j=interpreted, Vv=VM code, C=native code)
V  [jvm.dll+0x6d7a39]
V  [jvm.dll+0x8b4b26]
V  [jvm.dll+0x8b70de]
V  [jvm.dll+0x8b77c3]
V  [jvm.dll+0x284346]
V  [jvm.dll+0xc1277]
V  [jvm.dll+0x6d82e9]
V  [jvm.dll+0x1334a6]
V  [jvm.dll+0x3f857e]
V  [jvm.dll+0x85f59d]
V  [jvm.dll+0x6d626d]
C  [ucrtbase.dll+0x37b0]
C  [KERNEL32.DLL+0x2e957]
C  [ntdll.dll+0x427c]


---------------  P R O C E S S  ---------------

Threads class SMR info:
_java_thread_list=0x000002b667321380, length=48, elements={
0x000002b605d23160, 0x000002b605dc2f40, 0x000002b605dc3d00, 0x000002b605dd0790,
0x000002b605dd3bc0, 0x000002b605dd6ac0, 0x000002b605dda8f0, 0x000002b65ebe4ee0,
0x000002b65ebe8390, 0x000002b65edf4780, 0x000002b65ef14d90, 0x000002b66413f160,
0x000002b66469d0b0, 0x000002b66487c020, 0x000002b65edacf90, 0x000002b664bd3390,
0x000002b6647d7340, 0x000002b664de5e90, 0x000002b664b86b50, 0x000002b664b87f00,
0x000002b6672c2270, 0x000002b6672c0ec0, 0x000002b6672c1550, 0x000002b6672c1be0,
0x000002b6672c01a0, 0x000002b6672c2900, 0x000002b6672c2f90, 0x000002b6672bfb10,
0x000002b664001480, 0x000002b664003550, 0x000002b6640000d0, 0x000002b664000df0,
0x000002b6640021a0, 0x000002b664002830, 0x000002b664005cb0, 0x000002b664002ec0,
0x000002b668e10780, 0x000002b668e15cd0, 0x000002b668e16360, 0x000002b6640069d0,
0x000002b667660c00, 0x000002b66765f1c0, 0x000002b668e114a0, 0x000002b668e12850,
0x000002b668e121c0, 0x000002b668e12ee0, 0x000002b668e13570, 0x000002b668e100f0
}

Java Threads: ( => current thread )
  0x000002b605d23160 JavaThread "main"                              [_thread_blocked, id=29792, stack(0x000000c26f500000,0x000000c26f600000) (1024K)]
  0x000002b605dc2f40 JavaThread "Reference Handler"          daemon [_thread_blocked, id=24644, stack(0x000000c26f900000,0x000000c26fa00000) (1024K)]
  0x000002b605dc3d00 JavaThread "Finalizer"                  daemon [_thread_blocked, id=19388, stack(0x000000c26fa00000,0x000000c26fb00000) (1024K)]
  0x000002b605dd0790 JavaThread "Signal Dispatcher"          daemon [_thread_blocked, id=19960, stack(0x000000c26fb00000,0x000000c26fc00000) (1024K)]
=>0x000002b605dd3bc0 JavaThread "Attach Listener"            daemon [_thread_in_vm, id=30016, stack(0x000000c26fc00000,0x000000c26fd00000) (1024K)]
  0x000002b605dd6ac0 JavaThread "Service Thread"             daemon [_thread_blocked, id=19964, stack(0x000000c26fd00000,0x000000c26fe00000) (1024K)]
  0x000002b605dda8f0 JavaThread "Monitor Deflation Thread"   daemon [_thread_blocked, id=12328, stack(0x000000c26fe00000,0x000000c26ff00000) (1024K)]
  0x000002b65ebe4ee0 JavaThread "C2 CompilerThread0"         daemon [_thread_blocked, id=3120, stack(0x000000c26ff00000,0x000000c270000000) (1024K)]
  0x000002b65ebe8390 JavaThread "C1 CompilerThread0"         daemon [_thread_blocked, id=31772, stack(0x000000c270000000,0x000000c270100000) (1024K)]
  0x000002b65edf4780 JavaThread "Common-Cleaner"             daemon [_thread_blocked, id=25012, stack(0x000000c270200000,0x000000c270300000) (1024K)]
  0x000002b65ef14d90 JavaThread "Notification Thread"        daemon [_thread_blocked, id=15556, stack(0x000000c270300000,0x000000c270400000) (1024K)]
  0x000002b66413f160 JavaThread "Active Thread: Equinox Container: 19843cef-6e32-4a58-b6f0-dd0f91694a76"        [_thread_blocked, id=24588, stack(0x000000c270b00000,0x000000c270c00000) (1024K)]
  0x000002b66469d0b0 JavaThread "Refresh Thread: Equinox Container: 19843cef-6e32-4a58-b6f0-dd0f91694a76" daemon [_thread_blocked, id=31152, stack(0x000000c270400000,0x000000c270500000) (1024K)]
  0x000002b66487c020 JavaThread "Framework Event Dispatcher: Equinox Container: 19843cef-6e32-4a58-b6f0-dd0f91694a76" daemon [_thread_blocked, id=7428, stack(0x000000c270c00000,0x000000c270d00000) (1024K)]
  0x000002b65edacf90 JavaThread "Start Level: Equinox Container: 19843cef-6e32-4a58-b6f0-dd0f91694a76" daemon [_thread_blocked, id=18812, stack(0x000000c270d00000,0x000000c270e00000) (1024K)]
  0x000002b664bd3390 JavaThread "Bundle File Closer"         daemon [_thread_blocked, id=19616, stack(0x000000c271000000,0x000000c271100000) (1024K)]
  0x000002b6647d7340 JavaThread "SCR Component Actor"        daemon [_thread_blocked, id=14148, stack(0x000000c26f200000,0x000000c26f300000) (1024K)]
  0x000002b664de5e90 JavaThread "Worker-JM"                         [_thread_blocked, id=28760, stack(0x000000c271300000,0x000000c271400000) (1024K)]
  0x000002b664b86b50 JavaThread "JNA Cleaner"                daemon [_thread_blocked, id=12412, stack(0x000000c271100000,0x000000c271200000) (1024K)]
  0x000002b664b87f00 JavaThread "Java indexing"              daemon [_thread_blocked, id=28812, stack(0x000000c271700000,0x000000c271800000) (1024K)]
  0x000002b6672c2270 JavaThread "Thread-1"                   daemon [_thread_in_native, id=30432, stack(0x000000c271d00000,0x000000c271e00000) (1024K)]
  0x000002b6672c0ec0 JavaThread "Thread-2"                   daemon [_thread_in_native, id=7748, stack(0x000000c271e00000,0x000000c271f00000) (1024K)]
  0x000002b6672c1550 JavaThread "Thread-3"                   daemon [_thread_in_native, id=12000, stack(0x000000c271f00000,0x000000c272000000) (1024K)]
  0x000002b6672c1be0 JavaThread "Thread-4"                   daemon [_thread_in_native, id=32620, stack(0x000000c272000000,0x000000c272100000) (1024K)]
  0x000002b6672c01a0 JavaThread "Thread-5"                   daemon [_thread_in_native, id=2416, stack(0x000000c272100000,0x000000c272200000) (1024K)]
  0x000002b6672c2900 JavaThread "Thread-6"                   daemon [_thread_in_native, id=26576, stack(0x000000c272200000,0x000000c272300000) (1024K)]
  0x000002b6672c2f90 JavaThread "Thread-7"                   daemon [_thread_in_native, id=1204, stack(0x000000c272300000,0x000000c272400000) (1024K)]
  0x000002b6672bfb10 JavaThread "Thread-8"                   daemon [_thread_in_native, id=10284, stack(0x000000c272400000,0x000000c272500000) (1024K)]
  0x000002b664001480 JavaThread "Thread-9"                   daemon [_thread_in_native, id=21448, stack(0x000000c272500000,0x000000c272600000) (1024K)]
  0x000002b664003550 JavaThread "Thread-10"                  daemon [_thread_in_native, id=25108, stack(0x000000c272600000,0x000000c272700000) (1024K)]
  0x000002b6640000d0 JavaThread "Thread-11"                  daemon [_thread_in_native, id=25192, stack(0x000000c272700000,0x000000c272800000) (1024K)]
  0x000002b664000df0 JavaThread "Thread-12"                  daemon [_thread_in_native, id=21716, stack(0x000000c272800000,0x000000c272900000) (1024K)]
  0x000002b6640021a0 JavaThread "Thread-13"                  daemon [_thread_in_native, id=26212, stack(0x000000c272900000,0x000000c272a00000) (1024K)]
  0x000002b664002830 JavaThread "pool-2-thread-1"                   [_thread_blocked, id=26684, stack(0x000000c272a00000,0x000000c272b00000) (1024K)]
  0x000002b664005cb0 JavaThread "WorkspaceEventsHandler"            [_thread_blocked, id=16976, stack(0x000000c272b00000,0x000000c272c00000) (1024K)]
  0x000002b664002ec0 JavaThread "pool-1-thread-1"                   [_thread_blocked, id=19592, stack(0x000000c272c00000,0x000000c272d00000) (1024K)]
  0x000002b668e10780 JavaThread "Java Debug Server"          daemon [_thread_in_native, id=14080, stack(0x000000c271600000,0x000000c271700000) (1024K)]
  0x000002b668e15cd0 JavaThread "RxSchedulerPurge-1"         daemon [_thread_blocked, id=5612, stack(0x000000c273a00000,0x000000c273b00000) (1024K)]
  0x000002b668e16360 JavaThread "RxCachedWorkerPoolEvictor-1" daemon [_thread_blocked, id=27016, stack(0x000000c273b00000,0x000000c273c00000) (1024K)]
  0x000002b6640069d0 JavaThread "Cleaner-0"                  daemon [_thread_blocked, id=10288, stack(0x000000c272e00000,0x000000c272f00000) (1024K)]
  0x000002b667660c00 JavaThread "pool-4-thread-10"                  [_thread_in_native, id=34544, stack(0x000000c26f300000,0x000000c26f400000) (1024K)]
  0x000002b66765f1c0 JavaThread "process reaper (pid 4492)"  daemon [_thread_in_native, id=33300, stack(0x000000c26efb0000,0x000000c26efd0000) (128K)]
  0x000002b668e114a0 JavaThread "RxNewThreadScheduler-33"    daemon [_thread_blocked, id=8816, stack(0x000000c271400000,0x000000c271500000) (1024K)]
  0x000002b668e12850 JavaThread "Worker-333"                        [_thread_blocked, id=39708, stack(0x000000c26f400000,0x000000c26f500000) (1024K)]
  0x000002b668e121c0 JavaThread "Worker-334"                        [_thread_blocked, id=4240, stack(0x000000c271200000,0x000000c271300000) (1024K)]
  0x000002b668e12ee0 JavaThread "Worker-335"                        [_thread_blocked, id=8248, stack(0x000000c271500000,0x000000c271600000) (1024K)]
  0x000002b668e13570 JavaThread "Worker-336"                        [_thread_blocked, id=36376, stack(0x000000c271800000,0x000000c271900000) (1024K)]
  0x000002b668e100f0 JavaThread "Worker-337"                        [_thread_blocked, id=13556, stack(0x000000c271900000,0x000000c271a00000) (1024K)]
Total: 48

Other Threads:
  0x000002b605dc2930 VMThread "VM Thread"                           [id=24648, stack(0x000000c26f800000,0x000000c26f900000) (1024K)]
  0x000002b61c6aba00 WatcherThread "VM Periodic Task Thread"        [id=15916, stack(0x000000c26f700000,0x000000c26f800000) (1024K)]
  0x000002b605d40a30 WorkerThread "GC Thread#0"                     [id=24496, stack(0x000000c26f600000,0x000000c26f700000) (1024K)]
  0x000002b6640ed730 WorkerThread "GC Thread#1"                     [id=8952, stack(0x000000c270500000,0x000000c270600000) (1024K)]
  0x000002b664670310 WorkerThread "GC Thread#2"                     [id=3176, stack(0x000000c270600000,0x000000c270700000) (1024K)]
  0x000002b6646706c0 WorkerThread "GC Thread#3"                     [id=1316, stack(0x000000c270700000,0x000000c270800000) (1024K)]
  0x000002b664670a70 WorkerThread "GC Thread#4"                     [id=18336, stack(0x000000c270800000,0x000000c270900000) (1024K)]
  0x000002b6645e6500 WorkerThread "GC Thread#5"                     [id=26080, stack(0x000000c270900000,0x000000c270a00000) (1024K)]
  0x000002b6645e68b0 WorkerThread "GC Thread#6"                     [id=25912, stack(0x000000c270a00000,0x000000c270b00000) (1024K)]
  0x000002b65eddcdf0 WorkerThread "GC Thread#7"                     [id=26176, stack(0x000000c270100000,0x000000c270200000) (1024K)]
  0x000002b66444e4e0 WorkerThread "GC Thread#8"                     [id=27012, stack(0x000000c270e00000,0x000000c270f00000) (1024K)]
  0x000002b664950e90 WorkerThread "GC Thread#9"                     [id=6832, stack(0x000000c270f00000,0x000000c271000000) (1024K)]
Total: 12

Threads with active compile tasks:
Total: 0

VM state: not at safepoint (normal execution)

VM Mutex/Monitor currently owned by a thread: None

Heap address: 0x0000000080000000, size: 2048 MB, Compressed Oops mode: 32-bit

CDS archive(s) mapped at: [0x000002b61d000000-0x000002b61dba0000-0x000002b61dba0000), size 12189696, SharedBaseAddress: 0x000002b61d000000, ArchiveRelocationMode: 1.
Compressed class space mapped at: 0x000002b61e000000-0x000002b65e000000, reserved size: 1073741824
Narrow klass base: 0x000002b61d000000, Narrow klass shift: 0, Narrow klass range: 0x100000000

GC Precious Log:
 CardTable entry size: 512
 CPUs: 12 total, 12 available
 Memory: 16052M
 Large Page Support: Disabled
 NUMA Support: Disabled
 Compressed Oops: Enabled (32-bit)
 Alignments: Space 512K, Generation 512K, Heap 2M
 Heap Min Capacity: 100M
 Heap Initial Capacity: 100M
 Heap Max Capacity: 2G
 Pre-touch: Disabled
 Parallel Workers: 10

Heap:
 PSYoungGen      total 5632K, used 2807K [0x00000000d5580000, 0x00000000d5c80000, 0x0000000100000000)
  eden space 5120K, 48% used [0x00000000d5580000,0x00000000d57edc38,0x00000000d5a80000)
  from space 512K, 62% used [0x00000000d5c00000,0x00000000d5c50000,0x00000000d5c80000)
  to   space 512K, 0% used [0x00000000d5b80000,0x00000000d5b80000,0x00000000d5c00000)
 ParOldGen       total 950272K, used 950035K [0x0000000080000000, 0x00000000ba000000, 0x00000000d5580000)
  object space 950272K, 99% used [0x0000000080000000,0x00000000b9fc4e68,0x00000000ba000000)
 Metaspace       used 106415K, committed 108480K, reserved 1179648K
  class space    used 10350K, committed 11456K, reserved 1048576K

Card table byte_map: [0x000002b6056c0000,0x000002b605ad0000] _byte_map_base: 0x000002b6052c0000

Marking Bits: (ParMarkBitMap*) 0x00007ffb02613450
 Begin Bits: [0x000002b6181d0000, 0x000002b61a1d0000)
 End Bits:   [0x000002b61a1d0000, 0x000002b61c1d0000)

Polling page: 0x000002b603ba0000

Metaspace:

Usage:
  Non-class:     93.81 MB used.
      Class:     10.11 MB used.
       Both:    103.92 MB used.

Virtual space:
  Non-class space:      128.00 MB reserved,      94.75 MB ( 74%) committed,  2 nodes.
      Class space:        1.00 GB reserved,      11.19 MB (  1%) committed,  1 nodes.
             Both:        1.12 GB reserved,     105.94 MB (  9%) committed. 

Chunk freelists:
   Non-Class:  17.20 MB
       Class:  4.97 MB
        Both:  22.17 MB

MaxMetaspaceSize: unlimited
CompressedClassSpaceSize: 1.00 GB
Initial GC threshold: 21.00 MB
Current GC threshold: 176.38 MB
CDS: on
 - commit_granule_bytes: 65536.
 - commit_granule_words: 8192.
 - virtual_space_node_default_size: 8388608.
 - enlarge_chunks_in_place: 1.
 - use_allocation_guard: 0.


Internal statistics:

num_allocs_failed_limit: 9.
num_arena_births: 2754.
num_arena_deaths: 1012.
num_vsnodes_births: 3.
num_vsnodes_deaths: 0.
num_space_committed: 1722.
num_space_uncommitted: 24.
num_chunks_returned_to_freelist: 1469.
num_chunks_taken_from_freelist: 9000.
num_chunk_merges: 348.
num_chunk_splits: 4799.
num_chunks_enlarged: 2463.
num_inconsistent_stats: 0.

CodeHeap 'non-profiled nmethods': size=120000Kb used=27367Kb max_used=36578Kb free=92632Kb
 bounds [0x000002b6109f0000, 0x000002b612db0000, 0x000002b617f20000]
CodeHeap 'profiled nmethods': size=120000Kb used=31731Kb max_used=50705Kb free=88268Kb
 bounds [0x000002b608f20000, 0x000002b60c0b0000, 0x000002b610450000]
CodeHeap 'non-nmethods': size=5760Kb used=1550Kb max_used=1625Kb free=4209Kb
 bounds [0x000002b610450000, 0x000002b6106c0000, 0x000002b6109f0000]
CodeCache: size=245760Kb, used=60648Kb, max_used=88908Kb, free=185109Kb
 total_blobs=15156, nmethods=14282, adapters=776, full_count=0
Compilation: enabled, stopped_count=0, restarted_count=0

Compilation events (20 events):
Event: 266369.953 Thread 0x000002b65ebe8390 43177       3       org.eclipse.jdt.launching.JavaRuntime::getExecutionEnvironmentId (5 bytes)
Event: 266369.974 Thread 0x000002b65ebe8390 nmethod 43177 0x000002b609494f90 code [0x000002b609495140, 0x000002b609495258]
Event: 266808.376 Thread 0x000002b65ebe8390 43178       3       org.eclipse.jdt.ls.core.internal.managers.IBuildSupport::getExcludedFilePatterns (4 bytes)
Event: 266808.444 Thread 0x000002b65ebe8390 nmethod 43178 0x000002b60977eb10 code [0x000002b60977ecc0, 0x000002b60977ee30]
Event: 266841.595 Thread 0x000002b65ebe4ee0 43181       4       org.eclipse.sisu.inject.RankedSequence::removeThis (44 bytes)
Event: 266842.143 Thread 0x000002b65ebe4ee0 nmethod 43181 0x000002b611163310 code [0x000002b6111634e0, 0x000002b611163e48]
Event: 266842.483 Thread 0x000002b65ebe4ee0 43182   !   4       org.eclipse.jface.text.AbstractDocument::fireDocumentAboutToBeChanged (193 bytes)
Event: 266842.817 Thread 0x000002b65ebe4ee0 nmethod 43182 0x000002b61158f110 code [0x000002b61158f2e0, 0x000002b61158f690]
Event: 266842.817 Thread 0x000002b65ebe4ee0 43183       4       org.eclipse.jface.text.AbstractDocument::doFireDocumentChanged (47 bytes)
Event: 266842.866 Thread 0x000002b65ebe4ee0 nmethod 43183 0x000002b611dbc790 code [0x000002b611dbc960, 0x000002b611dbcd88]
Event: 266979.057 Thread 0x000002b65ebe4ee0 43184       4       sun.util.calendar.BaseCalendar::getGregorianYearFromFixedDate (179 bytes)
Event: 266979.134 Thread 0x000002b65ebe4ee0 nmethod 43184 0x000002b61267c190 code [0x000002b61267c320, 0x000002b61267c4e0]
Event: 267011.532 Thread 0x000002b65ebe4ee0 43185       4       com.sun.org.apache.xerces.internal.parsers.AbstractDOMParser::dropDocumentReferences (41 bytes)
Event: 267011.553 Thread 0x000002b65ebe4ee0 nmethod 43185 0x000002b6111de310 code [0x000002b6111de4a0, 0x000002b6111de548]
Event: 267144.715 Thread 0x000002b65ebe8390 43186       3       java.util.List::spliterator (23 bytes)
Event: 267144.718 Thread 0x000002b65ebe4ee0 43187       4       java.util.AbstractList$RandomAccessSpliterator::<init> (82 bytes)
Event: 267144.742 Thread 0x000002b65ebe8390 nmethod 43186 0x000002b609a2f010 code [0x000002b609a2f200, 0x000002b609a2f7a8]
Event: 267144.747 Thread 0x000002b65ebe4ee0 nmethod 43187 0x000002b611544590 code [0x000002b611544720, 0x000002b611544830]
Event: 267153.861 Thread 0x000002b65ebe4ee0 43188       4       com.google.inject.Key::<init> (29 bytes)
Event: 267154.307 Thread 0x000002b65ebe4ee0 nmethod 43188 0x000002b61275d490 code [0x000002b61275d760, 0x000002b61275e2b8]

GC Heap History (20 events):
Event: 266809.060 GC heap before
{Heap before GC invocations=12673 (full 21):
 PSYoungGen      total 5632K, used 5504K [0x00000000d5580000, 0x00000000d5c80000, 0x0000000100000000)
  eden space 5120K, 100% used [0x00000000d5580000,0x00000000d5a80000,0x00000000d5a80000)
  from space 512K, 75% used [0x00000000d5c00000,0x00000000d5c60020,0x00000000d5c80000)
  to   space 512K, 0% used [0x00000000d5b80000,0x00000000d5b80000,0x00000000d5c00000)
 ParOldGen       total 949248K, used 948787K [0x0000000080000000, 0x00000000b9f00000, 0x00000000d5580000)
  object space 949248K, 99% used [0x0000000080000000,0x00000000b9e8cd68,0x00000000b9f00000)
 Metaspace       used 106415K, committed 108480K, reserved 1179648K
  class space    used 10350K, committed 11456K, reserved 1048576K
}
Event: 266809.062 GC heap after
{Heap after GC invocations=12673 (full 21):
 PSYoungGen      total 5632K, used 320K [0x00000000d5580000, 0x00000000d5c80000, 0x0000000100000000)
  eden space 5120K, 0% used [0x00000000d5580000,0x00000000d5580000,0x00000000d5a80000)
  from space 512K, 62% used [0x00000000d5b80000,0x00000000d5bd0000,0x00000000d5c00000)
  to   space 512K, 0% used [0x00000000d5c00000,0x00000000d5c00000,0x00000000d5c80000)
 ParOldGen       total 949248K, used 948931K [0x0000000080000000, 0x00000000b9f00000, 0x00000000d5580000)
  object space 949248K, 99% used [0x0000000080000000,0x00000000b9eb0d98,0x00000000b9f00000)
 Metaspace       used 106415K, committed 108480K, reserved 1179648K
  class space    used 10350K, committed 11456K, reserved 1048576K
}
Event: 266810.826 GC heap before
{Heap before GC invocations=12674 (full 21):
 PSYoungGen      total 5632K, used 5439K [0x00000000d5580000, 0x00000000d5c80000, 0x0000000100000000)
  eden space 5120K, 99% used [0x00000000d5580000,0x00000000d5a7fff0,0x00000000d5a80000)
  from space 512K, 62% used [0x00000000d5b80000,0x00000000d5bd0000,0x00000000d5c00000)
  to   space 512K, 0% used [0x00000000d5c00000,0x00000000d5c00000,0x00000000d5c80000)
 ParOldGen       total 949248K, used 948931K [0x0000000080000000, 0x00000000b9f00000, 0x00000000d5580000)
  object space 949248K, 99% used [0x0000000080000000,0x00000000b9eb0d98,0x00000000b9f00000)
 Metaspace       used 106415K, committed 108480K, reserved 1179648K
  class space    used 10350K, committed 11456K, reserved 1048576K
}
Event: 266810.831 GC heap after
{Heap after GC invocations=12674 (full 21):
 PSYoungGen      total 5632K, used 288K [0x00000000d5580000, 0x00000000d5c80000, 0x0000000100000000)
  eden space 5120K, 0% used [0x00000000d5580000,0x00000000d5580000,0x00000000d5a80000)
  from space 512K, 56% used [0x00000000d5c00000,0x00000000d5c48000,0x00000000d5c80000)
  to   space 512K, 0% used [0x00000000d5b80000,0x00000000d5b80000,0x00000000d5c00000)
 ParOldGen       total 949248K, used 949011K [0x0000000080000000, 0x00000000b9f00000, 0x00000000d5580000)
  object space 949248K, 99% used [0x0000000080000000,0x00000000b9ec4d98,0x00000000b9f00000)
 Metaspace       used 106415K, committed 108480K, reserved 1179648K
  class space    used 10350K, committed 11456K, reserved 1048576K
}
Event: 266811.120 GC heap before
{Heap before GC invocations=12675 (full 21):
 PSYoungGen      total 5632K, used 5408K [0x00000000d5580000, 0x00000000d5c80000, 0x0000000100000000)
  eden space 5120K, 100% used [0x00000000d5580000,0x00000000d5a80000,0x00000000d5a80000)
  from space 512K, 56% used [0x00000000d5c00000,0x00000000d5c48000,0x00000000d5c80000)
  to   space 512K, 0% used [0x00000000d5b80000,0x00000000d5b80000,0x00000000d5c00000)
 ParOldGen       total 949248K, used 949011K [0x0000000080000000, 0x00000000b9f00000, 0x00000000d5580000)
  object space 949248K, 99% used [0x0000000080000000,0x00000000b9ec4d98,0x00000000b9f00000)
 Metaspace       used 106415K, committed 108480K, reserved 1179648K
  class space    used 10350K, committed 11456K, reserved 1048576K
}
Event: 266811.125 GC heap after
{Heap after GC invocations=12675 (full 21):
 PSYoungGen      total 5632K, used 352K [0x00000000d5580000, 0x00000000d5c80000, 0x0000000100000000)
  eden space 5120K, 0% used [0x00000000d5580000,0x00000000d5580000,0x00000000d5a80000)
  from space 512K, 68% used [0x00000000d5b80000,0x00000000d5bd8000,0x00000000d5c00000)
  to   space 512K, 0% used [0x00000000d5c00000,0x00000000d5c00000,0x00000000d5c80000)
 ParOldGen       total 949248K, used 949075K [0x0000000080000000, 0x00000000b9f00000, 0x00000000d5580000)
  object space 949248K, 99% used [0x0000000080000000,0x00000000b9ed4d98,0x00000000b9f00000)
 Metaspace       used 106415K, committed 108480K, reserved 1179648K
  class space    used 10350K, committed 11456K, reserved 1048576K
}
Event: 266841.944 GC heap before
{Heap before GC invocations=12676 (full 21):
 PSYoungGen      total 5632K, used 5472K [0x00000000d5580000, 0x00000000d5c80000, 0x0000000100000000)
  eden space 5120K, 100% used [0x00000000d5580000,0x00000000d5a80000,0x00000000d5a80000)
  from space 512K, 68% used [0x00000000d5b80000,0x00000000d5bd8000,0x00000000d5c00000)
  to   space 512K, 0% used [0x00000000d5c00000,0x00000000d5c00000,0x00000000d5c80000)
 ParOldGen       total 949248K, used 949075K [0x0000000080000000, 0x00000000b9f00000, 0x00000000d5580000)
  object space 949248K, 99% used [0x0000000080000000,0x00000000b9ed4d98,0x00000000b9f00000)
 Metaspace       used 106415K, committed 108480K, reserved 1179648K
  class space    used 10350K, committed 11456K, reserved 1048576K
}
Event: 266841.955 GC heap after
{Heap after GC invocations=12676 (full 21):
 PSYoungGen      total 5632K, used 368K [0x00000000d5580000, 0x00000000d5c80000, 0x0000000100000000)
  eden space 5120K, 0% used [0x00000000d5580000,0x00000000d5580000,0x00000000d5a80000)
  from space 512K, 71% used [0x00000000d5c00000,0x00000000d5c5c030,0x00000000d5c80000)
  to   space 512K, 0% used [0x00000000d5b80000,0x00000000d5b80000,0x00000000d5c00000)
 ParOldGen       total 949248K, used 949139K [0x0000000080000000, 0x00000000b9f00000, 0x00000000d5580000)
  object space 949248K, 99% used [0x0000000080000000,0x00000000b9ee4d98,0x00000000b9f00000)
 Metaspace       used 106415K, committed 108480K, reserved 1179648K
  class space    used 10350K, committed 11456K, reserved 1048576K
}
Event: 266976.508 GC heap before
{Heap before GC invocations=12677 (full 21):
 PSYoungGen      total 5632K, used 5488K [0x00000000d5580000, 0x00000000d5c80000, 0x0000000100000000)
  eden space 5120K, 100% used [0x00000000d5580000,0x00000000d5a80000,0x00000000d5a80000)
  from space 512K, 71% used [0x00000000d5c00000,0x00000000d5c5c030,0x00000000d5c80000)
  to   space 512K, 0% used [0x00000000d5b80000,0x00000000d5b80000,0x00000000d5c00000)
 ParOldGen       total 949248K, used 949139K [0x0000000080000000, 0x00000000b9f00000, 0x00000000d5580000)
  object space 949248K, 99% used [0x0000000080000000,0x00000000b9ee4d98,0x00000000b9f00000)
 Metaspace       used 106415K, committed 108480K, reserved 1179648K
  class space    used 10350K, committed 11456K, reserved 1048576K
}
Event: 266977.017 GC heap after
{Heap after GC invocations=12677 (full 21):
 PSYoungGen      total 5632K, used 368K [0x00000000d5580000, 0x00000000d5c80000, 0x0000000100000000)
  eden space 5120K, 0% used [0x00000000d5580000,0x00000000d5580000,0x00000000d5a80000)
  from space 512K, 71% used [0x00000000d5b80000,0x00000000d5bdc030,0x00000000d5c00000)
  to   space 512K, 0% used [0x00000000d5c00000,0x00000000d5c00000,0x00000000d5c80000)
 ParOldGen       total 949760K, used 949331K [0x0000000080000000, 0x00000000b9f80000, 0x00000000d5580000)
  object space 949760K, 99% used [0x0000000080000000,0x00000000b9f14dc8,0x00000000b9f80000)
 Metaspace       used 106415K, committed 108480K, reserved 1179648K
  class space    used 10350K, committed 11456K, reserved 1048576K
}
Event: 267011.162 GC heap before
{Heap before GC invocations=12678 (full 21):
 PSYoungGen      total 5632K, used 5474K [0x00000000d5580000, 0x00000000d5c80000, 0x0000000100000000)
  eden space 5120K, 99% used [0x00000000d5580000,0x00000000d5a7c7d0,0x00000000d5a80000)
  from space 512K, 71% used [0x00000000d5b80000,0x00000000d5bdc030,0x00000000d5c00000)
  to   space 512K, 0% used [0x00000000d5c00000,0x00000000d5c00000,0x00000000d5c80000)
 ParOldGen       total 949760K, used 949331K [0x0000000080000000, 0x00000000b9f80000, 0x00000000d5580000)
  object space 949760K, 99% used [0x0000000080000000,0x00000000b9f14dc8,0x00000000b9f80000)
 Metaspace       used 106415K, committed 108480K, reserved 1179648K
  class space    used 10350K, committed 11456K, reserved 1048576K
}
Event: 267011.283 GC heap after
{Heap after GC invocations=12678 (full 21):
 PSYoungGen      total 5632K, used 224K [0x00000000d5580000, 0x00000000d5c80000, 0x0000000100000000)
  eden space 5120K, 0% used [0x00000000d5580000,0x00000000d5580000,0x00000000d5a80000)
  from space 512K, 43% used [0x00000000d5c00000,0x00000000d5c38000,0x00000000d5c80000)
  to   space 512K, 0% used [0x00000000d5b80000,0x00000000d5b80000,0x00000000d5c00000)
 ParOldGen       total 949760K, used 949427K [0x0000000080000000, 0x00000000b9f80000, 0x00000000d5580000)
  object space 949760K, 99% used [0x0000000080000000,0x00000000b9f2cdc8,0x00000000b9f80000)
 Metaspace       used 106415K, committed 108480K, reserved 1179648K
  class space    used 10350K, committed 11456K, reserved 1048576K
}
Event: 267135.629 GC heap before
{Heap before GC invocations=12679 (full 21):
 PSYoungGen      total 5632K, used 5343K [0x00000000d5580000, 0x00000000d5c80000, 0x0000000100000000)
  eden space 5120K, 99% used [0x00000000d5580000,0x00000000d5a7fe00,0x00000000d5a80000)
  from space 512K, 43% used [0x00000000d5c00000,0x00000000d5c38000,0x00000000d5c80000)
  to   space 512K, 0% used [0x00000000d5b80000,0x00000000d5b80000,0x00000000d5c00000)
 ParOldGen       total 949760K, used 949427K [0x0000000080000000, 0x00000000b9f80000, 0x00000000d5580000)
  object space 949760K, 99% used [0x0000000080000000,0x00000000b9f2cdc8,0x00000000b9f80000)
 Metaspace       used 106415K, committed 108480K, reserved 1179648K
  class space    used 10350K, committed 11456K, reserved 1048576K
}
Event: 267135.640 GC heap after
{Heap after GC invocations=12679 (full 21):
 PSYoungGen      total 5632K, used 496K [0x00000000d5580000, 0x00000000d5c80000, 0x0000000100000000)
  eden space 5120K, 0% used [0x00000000d5580000,0x00000000d5580000,0x00000000d5a80000)
  from space 512K, 96% used [0x00000000d5b80000,0x00000000d5bfc050,0x00000000d5c00000)
  to   space 512K, 0% used [0x00000000d5c00000,0x00000000d5c00000,0x00000000d5c80000)
 ParOldGen       total 949760K, used 949515K [0x0000000080000000, 0x00000000b9f80000, 0x00000000d5580000)
  object space 949760K, 99% used [0x0000000080000000,0x00000000b9f42dd8,0x00000000b9f80000)
 Metaspace       used 106415K, committed 108480K, reserved 1179648K
  class space    used 10350K, committed 11456K, reserved 1048576K
}
Event: 267144.672 GC heap before
{Heap before GC invocations=12680 (full 21):
 PSYoungGen      total 5632K, used 5607K [0x00000000d5580000, 0x00000000d5c80000, 0x0000000100000000)
  eden space 5120K, 99% used [0x00000000d5580000,0x00000000d5a7dfa0,0x00000000d5a80000)
  from space 512K, 96% used [0x00000000d5b80000,0x00000000d5bfc050,0x00000000d5c00000)
  to   space 512K, 0% used [0x00000000d5c00000,0x00000000d5c00000,0x00000000d5c80000)
 ParOldGen       total 949760K, used 949515K [0x0000000080000000, 0x00000000b9f80000, 0x00000000d5580000)
  object space 949760K, 99% used [0x0000000080000000,0x00000000b9f42dd8,0x00000000b9f80000)
 Metaspace       used 106415K, committed 108480K, reserved 1179648K
  class space    used 10350K, committed 11456K, reserved 1048576K
}
Event: 267144.679 GC heap after
{Heap after GC invocations=12680 (full 21):
 PSYoungGen      total 5632K, used 320K [0x00000000d5580000, 0x00000000d5c80000, 0x0000000100000000)
  eden space 5120K, 0% used [0x00000000d5580000,0x00000000d5580000,0x00000000d5a80000)
  from space 512K, 62% used [0x00000000d5c00000,0x00000000d5c50000,0x00000000d5c80000)
  to   space 512K, 0% used [0x00000000d5b80000,0x00000000d5b80000,0x00000000d5c00000)
 ParOldGen       total 950272K, used 949795K [0x0000000080000000, 0x00000000ba000000, 0x00000000d5580000)
  object space 950272K, 99% used [0x0000000080000000,0x00000000b9f88e38,0x00000000ba000000)
 Metaspace       used 106415K, committed 108480K, reserved 1179648K
  class space    used 10350K, committed 11456K, reserved 1048576K
}
Event: 267145.153 GC heap before
{Heap before GC invocations=12681 (full 21):
 PSYoungGen      total 5632K, used 5440K [0x00000000d5580000, 0x00000000d5c80000, 0x0000000100000000)
  eden space 5120K, 100% used [0x00000000d5580000,0x00000000d5a80000,0x00000000d5a80000)
  from space 512K, 62% used [0x00000000d5c00000,0x00000000d5c50000,0x00000000d5c80000)
  to   space 512K, 0% used [0x00000000d5b80000,0x00000000d5b80000,0x00000000d5c00000)
 ParOldGen       total 950272K, used 949795K [0x0000000080000000, 0x00000000ba000000, 0x00000000d5580000)
  object space 950272K, 99% used [0x0000000080000000,0x00000000b9f88e38,0x00000000ba000000)
 Metaspace       used 106415K, committed 108480K, reserved 1179648K
  class space    used 10350K, committed 11456K, reserved 1048576K
}
Event: 267145.161 GC heap after
{Heap after GC invocations=12681 (full 21):
 PSYoungGen      total 5632K, used 352K [0x00000000d5580000, 0x00000000d5c80000, 0x0000000100000000)
  eden space 5120K, 0% used [0x00000000d5580000,0x00000000d5580000,0x00000000d5a80000)
  from space 512K, 68% used [0x00000000d5b80000,0x00000000d5bd8020,0x00000000d5c00000)
  to   space 512K, 0% used [0x00000000d5c00000,0x00000000d5c00000,0x00000000d5c80000)
 ParOldGen       total 950272K, used 949899K [0x0000000080000000, 0x00000000ba000000, 0x00000000d5580000)
  object space 950272K, 99% used [0x0000000080000000,0x00000000b9fa2e38,0x00000000ba000000)
 Metaspace       used 106415K, committed 108480K, reserved 1179648K
  class space    used 10350K, committed 11456K, reserved 1048576K
}
Event: 267153.945 GC heap before
{Heap before GC invocations=12682 (full 21):
 PSYoungGen      total 5632K, used 5472K [0x00000000d5580000, 0x00000000d5c80000, 0x0000000100000000)
  eden space 5120K, 100% used [0x00000000d5580000,0x00000000d5a80000,0x00000000d5a80000)
  from space 512K, 68% used [0x00000000d5b80000,0x00000000d5bd8020,0x00000000d5c00000)
  to   space 512K, 0% used [0x00000000d5c00000,0x00000000d5c00000,0x00000000d5c80000)
 ParOldGen       total 950272K, used 949899K [0x0000000080000000, 0x00000000ba000000, 0x00000000d5580000)
  object space 950272K, 99% used [0x0000000080000000,0x00000000b9fa2e38,0x00000000ba000000)
 Metaspace       used 106415K, committed 108480K, reserved 1179648K
  class space    used 10350K, committed 11456K, reserved 1048576K
}
Event: 267153.950 GC heap after
{Heap after GC invocations=12682 (full 21):
 PSYoungGen      total 5632K, used 320K [0x00000000d5580000, 0x00000000d5c80000, 0x0000000100000000)
  eden space 5120K, 0% used [0x00000000d5580000,0x00000000d5580000,0x00000000d5a80000)
  from space 512K, 62% used [0x00000000d5c00000,0x00000000d5c50000,0x00000000d5c80000)
  to   space 512K, 0% used [0x00000000d5b80000,0x00000000d5b80000,0x00000000d5c00000)
 ParOldGen       total 950272K, used 950035K [0x0000000080000000, 0x00000000ba000000, 0x00000000d5580000)
  object space 950272K, 99% used [0x0000000080000000,0x00000000b9fc4e68,0x00000000ba000000)
 Metaspace       used 106415K, committed 108480K, reserved 1179648K
  class space    used 10350K, committed 11456K, reserved 1048576K
}

Dll operation events (12 events):
Event: 0.010 Loaded shared library c:\Users\kirby\.vscode\extensions\redhat.java-1.54.0-win32-x64\jre\21.0.10-win32-x86_64\bin\java.dll
Event: 0.067 Loaded shared library c:\Users\kirby\.vscode\extensions\redhat.java-1.54.0-win32-x64\jre\21.0.10-win32-x86_64\bin\zip.dll
Event: 0.082 Loaded shared library C:\Users\kirby\.vscode\extensions\redhat.java-1.54.0-win32-x64\jre\21.0.10-win32-x86_64\bin\instrument.dll
Event: 0.085 Loaded shared library C:\Users\kirby\.vscode\extensions\redhat.java-1.54.0-win32-x64\jre\21.0.10-win32-x86_64\bin\net.dll
Event: 0.093 Loaded shared library C:\Users\kirby\.vscode\extensions\redhat.java-1.54.0-win32-x64\jre\21.0.10-win32-x86_64\bin\nio.dll
Event: 0.095 Loaded shared library C:\Users\kirby\.vscode\extensions\redhat.java-1.54.0-win32-x64\jre\21.0.10-win32-x86_64\bin\zip.dll
Event: 0.112 Loaded shared library C:\Users\kirby\.vscode\extensions\redhat.java-1.54.0-win32-x64\jre\21.0.10-win32-x86_64\bin\jimage.dll
Event: 0.207 Loaded shared library c:\Users\kirby\.vscode\extensions\redhat.java-1.54.0-win32-x64\jre\21.0.10-win32-x86_64\bin\verify.dll
Event: 23.104 Loaded shared library C:\Users\kirby\AppData\Roaming\Code\User\globalStorage\redhat.java\1.54.0\config_win\org.eclipse.equinox.launcher\org.eclipse.equinox.launcher.win32.win32.x86_64_1.3.0.v20260203-2149\eclipse_11919.dll
Event: 46.950 Loaded shared library C:\Users\kirby\AppData\Local\Temp\jna-72504843\jna9720097986787402118.dll
Event: 51.991 Loaded shared library C:\Users\kirby\.vscode\extensions\redhat.java-1.54.0-win32-x64\jre\21.0.10-win32-x86_64\bin\sunmscapi.dll
Event: 52.589 Loaded shared library C:\Users\kirby\.vscode\extensions\redhat.java-1.54.0-win32-x64\jre\21.0.10-win32-x86_64\bin\extnet.dll

Deoptimization events (20 events):
Event: 263743.829 Thread 0x000002b668905050 DEOPT PACKING pc=0x000002b61215d4ec sp=0x000000c2718fe6a0
Event: 263743.829 Thread 0x000002b668905050 DEOPT UNPACKING pc=0x000002b6104a3aa2 sp=0x000000c2718fe648 mode 2
Event: 263743.840 Thread 0x000002b668905050 Uncommon trap: trap_request=0xffffff6e fr.pc=0x000002b610ad74d0 relative=0x0000000000000190
Event: 263743.840 Thread 0x000002b668905050 Uncommon trap: reason=loop_limit_check action=maybe_recompile pc=0x000002b610ad74d0 method=org.eclipse.jdt.internal.formatter.TokenManager.getLength(IIII)I @ 88 c2
Event: 263743.840 Thread 0x000002b668905050 DEOPT PACKING pc=0x000002b610ad74d0 sp=0x000000c2718fe3f0
Event: 263743.840 Thread 0x000002b668905050 DEOPT UNPACKING pc=0x000002b6104a3aa2 sp=0x000000c2718fe370 mode 2
Event: 263743.861 Thread 0x000002b664002ec0 Uncommon trap: trap_request=0xffffff45 fr.pc=0x000002b6117ac264 relative=0x0000000000000324
Event: 263743.861 Thread 0x000002b664002ec0 Uncommon trap: reason=unstable_if action=reinterpret pc=0x000002b6117ac264 method=com.google.gson.stream.JsonReader.peekNumber()I @ 35 c2
Event: 263743.861 Thread 0x000002b664002ec0 DEOPT PACKING pc=0x000002b6117ac264 sp=0x000000c272cfe950
Event: 263743.861 Thread 0x000002b664002ec0 DEOPT UNPACKING pc=0x000002b6104a3aa2 sp=0x000000c272cfe8a0 mode 2
Event: 263745.533 Thread 0x000002b668e13570 DEOPT PACKING pc=0x000002b60bd2673c sp=0x000000c2736fe400
Event: 263745.533 Thread 0x000002b668e13570 DEOPT UNPACKING pc=0x000002b6104a4242 sp=0x000000c2736fd948 mode 0
Event: 263944.262 Thread 0x000002b66765eb30 DEOPT PACKING pc=0x000002b60a468dc2 sp=0x000000c2719febd0
Event: 263944.262 Thread 0x000002b66765eb30 DEOPT UNPACKING pc=0x000002b6104a4242 sp=0x000000c2719fe068 mode 0
Event: 263980.933 Thread 0x000002b664005cb0 Uncommon trap: trap_request=0xffffff45 fr.pc=0x000002b612d92e84 relative=0x0000000000001fe4
Event: 263980.933 Thread 0x000002b664005cb0 Uncommon trap: reason=unstable_if action=reinterpret pc=0x000002b612d92e84 method=org.eclipse.core.internal.resources.Resource.isHidden(I)Z @ 15 c2
Event: 263980.933 Thread 0x000002b664005cb0 DEOPT PACKING pc=0x000002b612d92e84 sp=0x000000c272bff460
Event: 263980.933 Thread 0x000002b664005cb0 DEOPT UNPACKING pc=0x000002b6104a3aa2 sp=0x000000c272bff188 mode 2
Event: 265265.765 Thread 0x000002b668e12ee0 DEOPT PACKING pc=0x000002b60ad1b794 sp=0x000000c2719fe0e0
Event: 265265.767 Thread 0x000002b668e12ee0 DEOPT UNPACKING pc=0x000002b6104a4242 sp=0x000000c2719fd608 mode 0

Classes loaded (20 events):
Event: 263150.771 Loading class jdk/internal/module/IllegalAccessLogger
Event: 263150.771 Loading class jdk/internal/module/IllegalAccessLogger done
Event: 263157.669 Loading class jdk/internal/module/IllegalAccessLogger
Event: 263157.669 Loading class jdk/internal/module/IllegalAccessLogger done
Event: 263186.785 Loading class jdk/internal/module/IllegalAccessLogger
Event: 263186.785 Loading class jdk/internal/module/IllegalAccessLogger done
Event: 263218.085 Loading class jdk/internal/module/IllegalAccessLogger
Event: 263218.085 Loading class jdk/internal/module/IllegalAccessLogger done
Event: 263219.240 Loading class jdk/internal/module/IllegalAccessLogger
Event: 263219.240 Loading class jdk/internal/module/IllegalAccessLogger done
Event: 263283.905 Loading class jdk/internal/module/IllegalAccessLogger
Event: 263283.905 Loading class jdk/internal/module/IllegalAccessLogger done
Event: 263300.772 Loading class jdk/internal/module/IllegalAccessLogger
Event: 263300.772 Loading class jdk/internal/module/IllegalAccessLogger done
Event: 263731.501 Loading class jdk/internal/module/IllegalAccessLogger
Event: 263731.501 Loading class jdk/internal/module/IllegalAccessLogger done
Event: 263739.453 Loading class jdk/internal/module/IllegalAccessLogger
Event: 263739.453 Loading class jdk/internal/module/IllegalAccessLogger done
Event: 263745.017 Loading class jdk/internal/module/IllegalAccessLogger
Event: 263745.017 Loading class jdk/internal/module/IllegalAccessLogger done

Classes unloaded (20 events):
Event: 257164.408 Thread 0x000002b605dc2930 Unloading class 0x000002b61e017400 'jdk/internal/reflect/GeneratedSerializationConstructorAccessor42'
Event: 257164.408 Thread 0x000002b605dc2930 Unloading class 0x000002b61e016400 'jdk/internal/reflect/GeneratedSerializationConstructorAccessor41'
Event: 257164.408 Thread 0x000002b605dc2930 Unloading class 0x000002b61e00d800 'jdk/internal/reflect/GeneratedSerializationConstructorAccessor40'
Event: 257164.409 Thread 0x000002b605dc2930 Unloading class 0x000002b61e00c000 'java/lang/invoke/LambdaForm$MH+0x000002b61e00c000'
Event: 257164.409 Thread 0x000002b605dc2930 Unloading class 0x000002b61e008400 'jdk/internal/reflect/GeneratedSerializationConstructorAccessor39'
Event: 257164.409 Thread 0x000002b605dc2930 Unloading class 0x000002b61e291c00 'jdk/internal/reflect/GeneratedSerializationConstructorAccessor38'
Event: 257164.409 Thread 0x000002b605dc2930 Unloading class 0x000002b61e292000 'jdk/internal/reflect/GeneratedSerializationConstructorAccessor37'
Event: 257164.409 Thread 0x000002b605dc2930 Unloading class 0x000002b61e293c00 'jdk/internal/reflect/GeneratedSerializationConstructorAccessor36'
Event: 257164.409 Thread 0x000002b605dc2930 Unloading class 0x000002b61e29fc00 'jdk/internal/reflect/GeneratedSerializationConstructorAccessor35'
Event: 257164.409 Thread 0x000002b605dc2930 Unloading class 0x000002b61e454400 'jdk/internal/reflect/GeneratedSerializationConstructorAccessor34'
Event: 257164.409 Thread 0x000002b605dc2930 Unloading class 0x000002b61e8f9400 'jdk/internal/reflect/GeneratedSerializationConstructorAccessor33'
Event: 259088.208 Thread 0x000002b605dc2930 Unloading class 0x000002b61e178800 'java/lang/invoke/LambdaForm$BMH+0x000002b61e178800'
Event: 259088.208 Thread 0x000002b605dc2930 Unloading class 0x000002b61ea49400 'java/lang/invoke/LambdaForm$MH+0x000002b61ea49400'
Event: 259088.208 Thread 0x000002b605dc2930 Unloading class 0x000002b61ea48c00 'java/lang/invoke/LambdaForm$MH+0x000002b61ea48c00'
Event: 259088.208 Thread 0x000002b605dc2930 Unloading class 0x000002b61e01dc00 'java/lang/invoke/LambdaForm$MH+0x000002b61e01dc00'
Event: 259088.208 Thread 0x000002b605dc2930 Unloading class 0x000002b61e7c0800 'java/lang/invoke/LambdaForm$MH+0x000002b61e7c0800'
Event: 259088.208 Thread 0x000002b605dc2930 Unloading class 0x000002b61e004800 'java/lang/invoke/LambdaForm$MH+0x000002b61e004800'
Event: 259088.208 Thread 0x000002b605dc2930 Unloading class 0x000002b61ea21c00 'java/lang/invoke/LambdaForm$MH+0x000002b61ea21c00'
Event: 259088.209 Thread 0x000002b605dc2930 Unloading class 0x000002b61e740400 'java/lang/invoke/LambdaForm$MH+0x000002b61e740400'
Event: 263003.632 Thread 0x000002b605dc2930 Unloading class 0x000002b61e1a2400 'java/lang/invoke/LambdaForm$MH+0x000002b61e1a2400'

Classes redefined (0 events):
No events

Internal exceptions (20 events):
Event: 263773.461 Thread 0x000002b668905050 Exception <a 'sun/nio/fs/WindowsException'{0x00000000d56254e0}> (0x00000000d56254e0) 
thrown [s\src\hotspot\share\prims\jni.cpp, line 520]
Event: 263773.464 Thread 0x000002b668905050 Exception <a 'sun/nio/fs/WindowsException'{0x00000000d56455d0}> (0x00000000d56455d0) 
thrown [s\src\hotspot\share\prims\jni.cpp, line 520]
Event: 263773.464 Thread 0x000002b668905050 Exception <a 'sun/nio/fs/WindowsException'{0x00000000d5645e28}> (0x00000000d5645e28) 
thrown [s\src\hotspot\share\prims\jni.cpp, line 520]
Event: 263773.577 Thread 0x000002b668e114a0 Exception <a 'sun/nio/fs/WindowsException'{0x00000000d5a230b0}> (0x00000000d5a230b0) 
thrown [s\src\hotspot\share\prims\jni.cpp, line 520]
Event: 263773.577 Thread 0x000002b668e114a0 Exception <a 'sun/nio/fs/WindowsException'{0x00000000d5a23720}> (0x00000000d5a23720) 
thrown [s\src\hotspot\share\prims\jni.cpp, line 520]
Event: 263980.933 Thread 0x000002b664005cb0 Implicit null exception at 0x000002b612d91410 to 0x000002b612d92e54
Event: 264031.347 Thread 0x000002b668e13570 Exception <a 'sun/nio/fs/WindowsException'{0x00000000d587da30}> (0x00000000d587da30) 
thrown [s\src\hotspot\share\prims\jni.cpp, line 520]
Event: 264031.347 Thread 0x000002b668e13570 Exception <a 'sun/nio/fs/WindowsException'{0x00000000d587e288}> (0x00000000d587e288) 
thrown [s\src\hotspot\share\prims\jni.cpp, line 520]
Event: 264378.246 Thread 0x000002b6751a1fa0 Exception <a 'sun/nio/fs/WindowsException'{0x00000000d58fe910}> (0x00000000d58fe910) 
thrown [s\src\hotspot\share\prims\jni.cpp, line 520]
Event: 264378.246 Thread 0x000002b6751a1fa0 Exception <a 'sun/nio/fs/WindowsException'{0x00000000d58ff168}> (0x00000000d58ff168) 
thrown [s\src\hotspot\share\prims\jni.cpp, line 520]
Event: 264722.338 Thread 0x000002b668e100f0 Exception <a 'sun/nio/fs/WindowsException'{0x00000000d5895858}> (0x00000000d5895858) 
thrown [s\src\hotspot\share\prims\jni.cpp, line 520]
Event: 264722.343 Thread 0x000002b668e100f0 Exception <a 'sun/nio/fs/WindowsException'{0x00000000d5896338}> (0x00000000d5896338) 
thrown [s\src\hotspot\share\prims\jni.cpp, line 520]
Event: 265305.816 Thread 0x000002b668e13570 Exception <a 'sun/nio/fs/WindowsException'{0x00000000d578b0d0}> (0x00000000d578b0d0) 
thrown [s\src\hotspot\share\prims\jni.cpp, line 520]
Event: 265305.824 Thread 0x000002b668e13570 Exception <a 'sun/nio/fs/WindowsException'{0x00000000d578b948}> (0x00000000d578b948) 
thrown [s\src\hotspot\share\prims\jni.cpp, line 520]
Event: 266002.600 Thread 0x000002b668e15640 Exception <a 'sun/nio/fs/WindowsException'{0x00000000d596b7b8}> (0x00000000d596b7b8) 
thrown [s\src\hotspot\share\prims\jni.cpp, line 520]
Event: 266002.606 Thread 0x000002b668e15640 Exception <a 'sun/nio/fs/WindowsException'{0x00000000d596c030}> (0x00000000d596c030) 
thrown [s\src\hotspot\share\prims\jni.cpp, line 520]
Event: 266369.977 Thread 0x000002b668e13570 Exception <a 'sun/nio/fs/WindowsException'{0x00000000d5a68860}> (0x00000000d5a68860) 
thrown [s\src\hotspot\share\prims\jni.cpp, line 520]
Event: 266369.986 Thread 0x000002b668e13570 Exception <a 'sun/nio/fs/WindowsException'{0x00000000d5a690b8}> (0x00000000d5a690b8) 
thrown [s\src\hotspot\share\prims\jni.cpp, line 520]
Event: 267010.933 Thread 0x000002b668e12850 Exception <a 'sun/nio/fs/WindowsException'{0x00000000d5a47090}> (0x00000000d5a47090) 
thrown [s\src\hotspot\share\prims\jni.cpp, line 520]
Event: 267010.941 Thread 0x000002b668e12850 Exception <a 'sun/nio/fs/WindowsException'{0x00000000d5a47908}> (0x00000000d5a47908) 
thrown [s\src\hotspot\share\prims\jni.cpp, line 520]

ZGC Phase Switch (0 events):
No events

VM Operations (20 events):
Event: 267040.781 Executing non-safepoint VM operation: HandshakeAllThreads (HandshakeForDeflation)
Event: 267040.782 Executing non-safepoint VM operation: HandshakeAllThreads (HandshakeForDeflation) done
Event: 267040.782 Executing non-safepoint VM operation: RendezvousGCThreads
Event: 267040.782 Executing non-safepoint VM operation: RendezvousGCThreads done
Event: 267101.010 Executing non-safepoint VM operation: HandshakeAllThreads (HandshakeForDeflation)
Event: 267101.012 Executing non-safepoint VM operation: HandshakeAllThreads (HandshakeForDeflation) done
Event: 267101.012 Executing non-safepoint VM operation: RendezvousGCThreads
Event: 267101.012 Executing non-safepoint VM operation: RendezvousGCThreads done
Event: 267135.629 Executing safepoint VM operation: ParallelGCFailedAllocation (Allocation Failure)
Event: 267135.640 Executing safepoint VM operation: ParallelGCFailedAllocation (Allocation Failure) done
Event: 267144.672 Executing safepoint VM operation: ParallelGCFailedAllocation (Allocation Failure)
Event: 267144.679 Executing safepoint VM operation: ParallelGCFailedAllocation (Allocation Failure) done
Event: 267145.153 Executing safepoint VM operation: ParallelGCFailedAllocation (Allocation Failure)
Event: 267145.161 Executing safepoint VM operation: ParallelGCFailedAllocation (Allocation Failure) done
Event: 267153.945 Executing safepoint VM operation: ParallelGCFailedAllocation (Allocation Failure)
Event: 267153.950 Executing safepoint VM operation: ParallelGCFailedAllocation (Allocation Failure) done
Event: 267161.201 Executing non-safepoint VM operation: HandshakeAllThreads (HandshakeForDeflation)
Event: 267161.201 Executing non-safepoint VM operation: HandshakeAllThreads (HandshakeForDeflation) done
Event: 267161.202 Executing non-safepoint VM operation: RendezvousGCThreads
Event: 267161.202 Executing non-safepoint VM operation: RendezvousGCThreads done

Memory protections (0 events):
No events

Nmethod flushes (20 events):
Event: 263005.053 Thread 0x000002b605dc2930 flushing  nmethod 0x000002b60bcfa310
Event: 263005.053 Thread 0x000002b605dc2930 flushing  nmethod 0x000002b60bcfdb90
Event: 263005.053 Thread 0x000002b605dc2930 flushing  nmethod 0x000002b60bcfdf90
Event: 263005.053 Thread 0x000002b605dc2930 flushing  nmethod 0x000002b60bd09990
Event: 263005.054 Thread 0x000002b605dc2930 flushing  nmethod 0x000002b60bd0af90
Event: 263005.054 Thread 0x000002b605dc2930 flushing  nmethod 0x000002b60bd0d910
Event: 263005.054 Thread 0x000002b605dc2930 flushing  nmethod 0x000002b60bd3c210
Event: 263005.054 Thread 0x000002b605dc2930 flushing  nmethod 0x000002b60bd71490
Event: 263005.055 Thread 0x000002b605dc2930 flushing  nmethod 0x000002b60bd87190
Event: 263005.055 Thread 0x000002b605dc2930 flushing  nmethod 0x000002b60bdbeb10
Event: 263005.055 Thread 0x000002b605dc2930 flushing  nmethod 0x000002b60be07210
Event: 263005.055 Thread 0x000002b605dc2930 flushing  nmethod 0x000002b60be1cf10
Event: 263005.055 Thread 0x000002b605dc2930 flushing  nmethod 0x000002b60be62090
Event: 263005.055 Thread 0x000002b605dc2930 flushing  nmethod 0x000002b60be62490
Event: 263005.055 Thread 0x000002b605dc2930 flushing  nmethod 0x000002b60be7ed90
Event: 263005.055 Thread 0x000002b605dc2930 flushing  nmethod 0x000002b60bed1890
Event: 263005.055 Thread 0x000002b605dc2930 flushing  nmethod 0x000002b60bf45290
Event: 263005.055 Thread 0x000002b605dc2930 flushing  nmethod 0x000002b60bf7d810
Event: 263005.055 Thread 0x000002b605dc2930 flushing  nmethod 0x000002b60bff8a10
Event: 263005.055 Thread 0x000002b605dc2930 flushing  nmethod 0x000002b60c06fb10

Events (20 events):
Event: 266713.858 Thread 0x000002b668e121c0 Thread added: 0x000002b668e100f0
Event: 266774.232 Thread 0x000002b668e13570 Thread exited: 0x000002b668e13570
Event: 266774.903 Thread 0x000002b668e15640 Thread exited: 0x000002b668e15640
Event: 266804.336 Thread 0x000002b668e121c0 Thread added: 0x000002b668e12850
Event: 266805.682 Thread 0x000002b668e12850 Thread added: 0x000002b668e12ee0
Event: 266811.219 Thread 0x000002b668e12850 Thread added: 0x000002b668e13570
Event: 266902.429 Thread 0x000002b668e12850 Thread exited: 0x000002b668e12850
Event: 266902.429 Thread 0x000002b668e12ee0 Thread exited: 0x000002b668e12ee0
Event: 266902.430 Thread 0x000002b668e121c0 Thread exited: 0x000002b668e121c0
Event: 266974.631 Thread 0x000002b668e13570 Thread added: 0x000002b668e12850
Event: 266980.763 Thread 0x000002b668e12850 Thread added: 0x000002b668e121c0
Event: 267010.978 Thread 0x000002b668e12850 Thread added: 0x000002b668e12ee0
Event: 267010.988 Thread 0x000002b668e12ee0 Thread exited: 0x000002b668e12ee0
Event: 267011.293 Thread 0x000002b668e12850 Thread added: 0x000002b668e12ee0
Event: 267011.294 Thread 0x000002b668e12ee0 Thread exited: 0x000002b668e12ee0
Event: 267071.448 Thread 0x000002b668e13570 Thread exited: 0x000002b668e13570
Event: 267071.448 Thread 0x000002b668e100f0 Thread exited: 0x000002b668e100f0
Event: 267132.404 Thread 0x000002b668e12850 Thread added: 0x000002b668e12ee0
Event: 267136.806 Thread 0x000002b668e12850 Thread added: 0x000002b668e13570
Event: 267144.411 Thread 0x000002b668e13570 Thread added: 0x000002b668e100f0


Dynamic libraries:
0x00007ff628610000 - 0x00007ff62861e000 	c:\Users\kirby\.vscode\extensions\redhat.java-1.54.0-win32-x64\jre\21.0.10-win32-x86_64\bin\java.exe
0x00007ffbbad40000 - 0x00007ffbbafa7000 	C:\WINDOWS\SYSTEM32\ntdll.dll
0x00007ffbb9610000 - 0x00007ffbb96d9000 	C:\WINDOWS\System32\KERNEL32.DLL
0x00007ffbb7800000 - 0x00007ffbb7bf7000 	C:\WINDOWS\System32\KERNELBASE.dll
0x00007ffbb88b0000 - 0x00007ffbb89fb000 	C:\WINDOWS\System32\ucrtbase.dll
0x00007ffb94220000 - 0x00007ffb9423e000 	c:\Users\kirby\.vscode\extensions\redhat.java-1.54.0-win32-x64\jre\21.0.10-win32-x86_64\bin\VCRUNTIME140.dll
0x00007ffb94290000 - 0x00007ffb942a8000 	c:\Users\kirby\.vscode\extensions\redhat.java-1.54.0-win32-x64\jre\21.0.10-win32-x86_64\bin\jli.dll
0x00007ffbbaa10000 - 0x00007ffbbabd6000 	C:\WINDOWS\System32\USER32.dll
0x00007ffbb85f0000 - 0x00007ffbb8617000 	C:\WINDOWS\System32\win32u.dll
0x00007ffbb99c0000 - 0x00007ffbb99eb000 	C:\WINDOWS\System32\GDI32.dll
0x00007ffb98550000 - 0x00007ffb987e2000 	C:\WINDOWS\WinSxS\amd64_microsoft.windows.common-controls_6595b64144ccf1df_6.0.26100.8457_none_3e0b2faee331e92d\COMCTL32.dll
0x00007ffbb9730000 - 0x00007ffbb97d9000 	C:\WINDOWS\System32\msvcrt.dll
0x00007ffbb86d0000 - 0x00007ffbb87fc000 	C:\WINDOWS\System32\gdi32full.dll
0x00007ffbb8620000 - 0x00007ffbb86c3000 	C:\WINDOWS\System32\msvcp_win.dll
0x00007ffbba1e0000 - 0x00007ffbba212000 	C:\WINDOWS\System32\IMM32.DLL
0x00007ffb992a0000 - 0x00007ffb992ac000 	c:\Users\kirby\.vscode\extensions\redhat.java-1.54.0-win32-x64\jre\21.0.10-win32-x86_64\bin\vcruntime140_1.dll
0x00007ffb61230000 - 0x00007ffb612bd000 	c:\Users\kirby\.vscode\extensions\redhat.java-1.54.0-win32-x64\jre\21.0.10-win32-x86_64\bin\msvcp140.dll
0x00007ffb01950000 - 0x00007ffb026f1000 	c:\Users\kirby\.vscode\extensions\redhat.java-1.54.0-win32-x64\jre\21.0.10-win32-x86_64\bin\server\jvm.dll
0x00007ffbb9550000 - 0x00007ffbb9606000 	C:\WINDOWS\System32\ADVAPI32.dll
0x00007ffbba430000 - 0x00007ffbba4d7000 	C:\WINDOWS\System32\sechost.dll
0x00007ffbb8cd0000 - 0x00007ffbb8de8000 	C:\WINDOWS\System32\RPCRT4.dll
0x00007ffbb94c0000 - 0x00007ffbb9540000 	C:\WINDOWS\System32\WS2_32.dll
0x00007ffbb6f50000 - 0x00007ffbb6fae000 	C:\WINDOWS\SYSTEM32\POWRPROF.dll
0x00007ffba4d90000 - 0x00007ffba4dc6000 	C:\WINDOWS\SYSTEM32\WINMM.dll
0x00007ffbad6d0000 - 0x00007ffbad6db000 	C:\WINDOWS\SYSTEM32\VERSION.dll
0x00007ffbb6f30000 - 0x00007ffbb6f44000 	C:\WINDOWS\SYSTEM32\UMPDC.dll
0x00007ffbb6500000 - 0x00007ffbb651b000 	C:\WINDOWS\SYSTEM32\kernel.appcore.dll
0x00007ffb97350000 - 0x00007ffb9735a000 	c:\Users\kirby\.vscode\extensions\redhat.java-1.54.0-win32-x64\jre\21.0.10-win32-x86_64\bin\jimage.dll
0x00007ffbb55a0000 - 0x00007ffbb57e2000 	C:\WINDOWS\SYSTEM32\DBGHELP.DLL
0x00007ffbba680000 - 0x00007ffbbaa03000 	C:\WINDOWS\System32\combase.dll
0x00007ffbb8ad0000 - 0x00007ffbb8ba9000 	C:\WINDOWS\System32\OLEAUT32.dll
0x00007ffb96b70000 - 0x00007ffb96bab000 	C:\WINDOWS\SYSTEM32\dbgcore.DLL
0x00007ffbb8800000 - 0x00007ffbb88a8000 	C:\WINDOWS\System32\bcryptPrimitives.dll
0x00007ffb97270000 - 0x00007ffb9727f000 	c:\Users\kirby\.vscode\extensions\redhat.java-1.54.0-win32-x64\jre\21.0.10-win32-x86_64\bin\instrument.dll
0x00007ffb900e0000 - 0x00007ffb90100000 	c:\Users\kirby\.vscode\extensions\redhat.java-1.54.0-win32-x64\jre\21.0.10-win32-x86_64\bin\java.dll
0x00007ffbb9a60000 - 0x00007ffbba1ce000 	C:\WINDOWS\System32\SHELL32.dll
0x00007ffbb7d80000 - 0x00007ffbb85ec000 	C:\WINDOWS\System32\windows.storage.dll
0x00007ffbbac00000 - 0x00007ffbbacf6000 	C:\WINDOWS\System32\SHCORE.dll
0x00007ffbb99f0000 - 0x00007ffbb9a56000 	C:\WINDOWS\System32\shlwapi.dll
0x00007ffbb7690000 - 0x00007ffbb76b9000 	C:\WINDOWS\SYSTEM32\profapi.dll
0x00007ffb904b0000 - 0x00007ffb904c8000 	c:\Users\kirby\.vscode\extensions\redhat.java-1.54.0-win32-x64\jre\21.0.10-win32-x86_64\bin\zip.dll
0x00007ffb91810000 - 0x00007ffb91820000 	C:\Users\kirby\.vscode\extensions\redhat.java-1.54.0-win32-x64\jre\21.0.10-win32-x86_64\bin\net.dll
0x00007ffbaeeb0000 - 0x00007ffbaefd9000 	C:\WINDOWS\SYSTEM32\WINHTTP.dll
0x00007ffbb6a70000 - 0x00007ffbb6adc000 	C:\WINDOWS\system32\mswsock.dll
0x00007ffb89e00000 - 0x00007ffb89e16000 	C:\Users\kirby\.vscode\extensions\redhat.java-1.54.0-win32-x64\jre\21.0.10-win32-x86_64\bin\nio.dll
0x00007ffb91640000 - 0x00007ffb91650000 	c:\Users\kirby\.vscode\extensions\redhat.java-1.54.0-win32-x64\jre\21.0.10-win32-x86_64\bin\verify.dll
0x00007ffb72750000 - 0x00007ffb72795000 	C:\Users\kirby\AppData\Roaming\Code\User\globalStorage\redhat.java\1.54.0\config_win\org.eclipse.equinox.launcher\org.eclipse.equinox.launcher.win32.win32.x86_64_1.3.0.v20260203-2149\eclipse_11919.dll
0x00007ffbba4e0000 - 0x00007ffbba677000 	C:\WINDOWS\System32\ole32.dll
0x00007ffbb6d50000 - 0x00007ffbb6d6b000 	C:\WINDOWS\SYSTEM32\CRYPTSP.dll
0x00007ffbb6460000 - 0x00007ffbb6499000 	C:\WINDOWS\system32\rsaenh.dll
0x00007ffbb6b20000 - 0x00007ffbb6b53000 	C:\WINDOWS\SYSTEM32\USERENV.dll
0x00007ffbb7660000 - 0x00007ffbb768a000 	C:\WINDOWS\SYSTEM32\bcrypt.dll
0x00007ffbb6d70000 - 0x00007ffbb6d7c000 	C:\WINDOWS\SYSTEM32\CRYPTBASE.dll
0x00007ffbb5ef0000 - 0x00007ffbb5f22000 	C:\WINDOWS\SYSTEM32\IPHLPAPI.DLL
0x00007ffbb99b0000 - 0x00007ffbb99ba000 	C:\WINDOWS\System32\NSI.dll
0x00007ffb7d850000 - 0x00007ffb7d899000 	C:\Users\kirby\AppData\Local\Temp\jna-72504843\jna9720097986787402118.dll
0x00007ffbb97e0000 - 0x00007ffbb97e8000 	C:\WINDOWS\System32\PSAPI.DLL
0x00007ffbaf950000 - 0x00007ffbaf96d000 	C:\WINDOWS\SYSTEM32\dhcpcsvc6.DLL
0x00007ffbaf920000 - 0x00007ffbaf945000 	C:\WINDOWS\SYSTEM32\dhcpcsvc.DLL
0x00007ffba9f30000 - 0x00007ffba9f3e000 	C:\Users\kirby\.vscode\extensions\redhat.java-1.54.0-win32-x64\jre\21.0.10-win32-x86_64\bin\sunmscapi.dll
0x00007ffbb7c00000 - 0x00007ffbb7d78000 	C:\WINDOWS\System32\CRYPT32.dll
0x00007ffbb7090000 - 0x00007ffbb70c0000 	C:\WINDOWS\SYSTEM32\ncrypt.dll
0x00007ffbb7040000 - 0x00007ffbb707f000 	C:\WINDOWS\SYSTEM32\NTASN1.dll
0x00007ffbb5f30000 - 0x00007ffbb6062000 	C:\WINDOWS\SYSTEM32\DNSAPI.dll
0x00007ffbae2c0000 - 0x00007ffbae2cb000 	C:\Windows\System32\rasadhlp.dll
0x00007ffbaf9e0000 - 0x00007ffbafa66000 	C:\WINDOWS\System32\fwpuclnt.dll
0x00007ffb96880000 - 0x00007ffb96889000 	C:\Users\kirby\.vscode\extensions\redhat.java-1.54.0-win32-x64\jre\21.0.10-win32-x86_64\bin\extnet.dll

JVMTI agents:
c:\Users\kirby\.vscode\extensions\redhat.java-1.54.0-win32-x64\lombok\lombok-1.18.39-4050.jar path:c:\Users\kirby\.vscode\extensions\redhat.java-1.54.0-win32-x64\jre\21.0.10-win32-x86_64\bin\instrument.dll, loaded, initialized, instrumentlib options:none

dbghelp: loaded successfully - version: 4.0.5 - missing functions: none
symbol engine: initialized successfully - sym options: 0x614 - pdb path: .;c:\Users\kirby\.vscode\extensions\redhat.java-1.54.0-win32-x64\jre\21.0.10-win32-x86_64\bin;C:\WINDOWS\SYSTEM32;C:\WINDOWS\WinSxS\amd64_microsoft.windows.common-controls_6595b64144ccf1df_6.0.26100.8457_none_3e0b2faee331e92d;c:\Users\kirby\.vscode\extensions\redhat.java-1.54.0-win32-x64\jre\21.0.10-win32-x86_64\bin\server;C:\Users\kirby\AppData\Roaming\Code\User\globalStorage\redhat.java\1.54.0\config_win\org.eclipse.equinox.launcher\org.eclipse.equinox.launcher.win32.win32.x86_64_1.3.0.v20260203-2149;C:\Users\kirby\AppData\Local\Temp\jna-72504843

VM Arguments:
jvm_args: --add-modules=ALL-SYSTEM --add-opens=java.base/java.util=ALL-UNNAMED --add-opens=java.base/java.lang=ALL-UNNAMED --add-opens=java.base/sun.nio.fs=ALL-UNNAMED -Declipse.application=org.eclipse.jdt.ls.core.id1 -Dosgi.bundles.defaultStartLevel=4 -Declipse.product=org.eclipse.jdt.ls.core.product -Djava.import.generatesMetadataFilesAtProjectRoot=false -DDetectVMInstallationsJob.disabled=true -Dfile.encoding=utf8 -XX:+UseParallelGC -XX:GCTimeRatio=4 -XX:AdaptiveSizePolicyWeight=90 -Dsun.zip.disableMemoryMapping=true -Xmx2G -Xms100m -Xlog:disable -javaagent:c:\Users\kirby\.vscode\extensions\redhat.java-1.54.0-win32-x64\lombok\lombok-1.18.39-4050.jar -XX:+HeapDumpOnOutOfMemoryError -XX:HeapDumpPath=c:\Users\kirby\AppData\Roaming\Code\User\workspaceStorage\f46ee4ad3ff233f24fa9a92908b3582b\redhat.java -Daether.dependencyCollector.impl=bf 
java_command: c:\Users\kirby\.vscode\extensions\redhat.java-1.54.0-win32-x64\server\plugins\org.eclipse.equinox.launcher_1.7.100.v20251111-0406.jar -configuration c:\Users\kirby\AppData\Roaming\Code\User\globalStorage\redhat.java\1.54.0\config_win -data c:\Users\kirby\AppData\Roaming\Code\User\workspaceStorage\f46ee4ad3ff233f24fa9a92908b3582b\redhat.java\jdt_ws --pipe=\\.\pipe\lsp-66686d1cccae07e28963b7e8ec341b95-sock
java_class_path (initial): c:\Users\kirby\.vscode\extensions\redhat.java-1.54.0-win32-x64\server\plugins\org.eclipse.equinox.launcher_1.7.100.v20251111-0406.jar
Launcher Type: SUN_STANDARD

[Global flags]
    uintx AdaptiveSizePolicyWeight                 = 90                                        {product} {command line}
     intx CICompilerCount                          = 4                                         {product} {ergonomic}
    uintx GCTimeRatio                              = 4                                         {product} {command line}
     bool HeapDumpOnOutOfMemoryError               = true                                   {manageable} {command line}
    ccstr HeapDumpPath                             = c:\Users\kirby\AppData\Roaming\Code\User\workspaceStorage\f46ee4ad3ff233f24fa9a92908b3582b\redhat.java         {manageable} {command line}
   size_t InitialHeapSize                          = 104857600                                 {product} {command line}
   size_t MaxHeapSize                              = 2147483648                                {product} {command line}
   size_t MaxNewSize                               = 715653120                                 {product} {ergonomic}
   size_t MinHeapDeltaBytes                        = 524288                                    {product} {ergonomic}
   size_t MinHeapSize                              = 104857600                                 {product} {command line}
   size_t NewSize                                  = 34603008                                  {product} {ergonomic}
    uintx NonNMethodCodeHeapSize                   = 5839372                                {pd product} {ergonomic}
    uintx NonProfiledCodeHeapSize                  = 122909434                              {pd product} {ergonomic}
   size_t OldSize                                  = 70254592                                  {product} {ergonomic}
    uintx ProfiledCodeHeapSize                     = 122909434                              {pd product} {ergonomic}
    uintx ReservedCodeCacheSize                    = 251658240                              {pd product} {ergonomic}
     bool SegmentedCodeCache                       = true                                      {product} {ergonomic}
   size_t SoftMaxHeapSize                          = 2147483648                             {manageable} {ergonomic}
     bool UseCompressedOops                        = true                           {product lp64_product} {ergonomic}
     bool UseLargePagesIndividualAllocation        = false                                  {pd product} {ergonomic}
     bool UseParallelGC                            = true                                      {product} {command line}

Logging:
Log output configuration:
 #0: stdout all=off uptime,level,tags foldmultilines=false
 #1: stderr all=off uptime,level,tags foldmultilines=false

Release file:
JAVA_VERSION="21.0.10" 
MODULES="java.base java.compiler java.datatransfer java.xml java.prefs java.desktop java.instrument java.logging java.management java.security.sasl java.naming java.rmi java.management.rmi java.net.http java.scripting java.security.jgss java.transaction.xa java.sql java.sql.rowset java.xml.crypto java.se java.smartcardio jdk.accessibility jdk.internal.jvmstat jdk.attach jdk.charsets jdk.internal.opt jdk.zipfs jdk.compiler jdk.crypto.ec jdk.crypto.cryptoki jdk.crypto.mscapi jdk.dynalink jdk.internal.ed jdk.editpad jdk.hotspot.agent jdk.httpserver jdk.internal.le jdk.internal.vm.ci jdk.internal.vm.compiler jdk.internal.vm.compiler.management jdk.jartool jdk.javadoc jdk.jcmd jdk.management jdk.management.agent jdk.jconsole jdk.jdeps jdk.jdwp.agent jdk.jdi jdk.jfr jdk.jshell jdk.jsobject jdk.jstatd jdk.localedata jdk.management.jfr jdk.naming.dns jdk.naming.rmi jdk.net jdk.nio.mapmode jdk.random jdk.sctp jdk.security.auth jdk.security.jgss jdk.unsupported jdk.unsupported.desktop jdk.xml.dom" 

Environment Variables:
JAVA_HOME=C:\herramientas\jdk-17.0.2
PATH=C:\Python314\Scripts\;C:\Python314\;C:\windows\system32;C:\windows;C:\windows\System32\Wbem;C:\windows\System32\WindowsPowerShell\v1.0\;C:\windows\System32\OpenSSH\;C:\Program Files (x86)\NVIDIA Corporation\PhysX\Common;C:\Program Files\NVIDIA Corporation\NVIDIA NvDLISR;C:\Program Files\Microsoft SQL Server\130\Tools\Binn\;C:\Program Files\Microsoft SQL Server\120\Tools\Binn\;C:\Program Files\Git\cmd;C:\Program Files\Microsoft SQL Server\150\Tools\Binn\;C:\Program Files\Microsoft SQL Server\Client SDK\ODBC\170\Tools\Binn\;C:\Program Files\dotnet\;C:\Program Files (x86)\Incredibuild;C:\Program Files (x86)\Windows Kits\10\Windows Performance Toolkit\;C:\WINDOWS\system32;C:\WINDOWS;C:\WINDOWS\System32\Wbem;C:\WINDOWS\System32\WindowsPowerShell\v1.0\;C:\WINDOWS\System32\OpenSSH\;C:\Program Files (x86)\Microsoft SQL Server\160\Tools\Binn\;C:\Program Files\Microsoft SQL Server\160\Tools\Binn\;C:\Program Files\Microsoft SQL Server\160\DTS\Binn\;C:\Program Files (x86)\Microsoft SQL Server\160\DTS\Binn\;C:\herramientas\jdk-17.0.2\bin;C:\herramientas\jdk-17.0.2\bin;C:\herramientas\apache-maven-3.9.11\bin;C:\Program Files\nodejs\;C:\ProgramData\chocolatey\bin;C:\Users\kirby\AppData\Local\Programs\Python\Launcher\;C:\Users\kirby\AppData\Local\Microsoft\WindowsApps;C:\Users\kirby\AppData\Local\atom\bin;C:\ProgramData\Kirby\atom\bin;C:\Users\kirby\.dotnet\tools;C:\Users\kirby\AppData\Local\Microsoft\WindowsApps;C:\Users\kirby\AppData\Local\Programs\Microsoft VS Code\bin;C:\Users\kirby\AppData\Roaming\npm;C:\Users\kirby\AppData\Local\GitHubDesktop\bin
USERNAME=Kirby
OS=Windows_NT
PROCESSOR_IDENTIFIER=Intel64 Family 6 Model 154 Stepping 3, GenuineIntel
TMP=C:\Users\kirby\AppData\Local\Temp
TEMP=C:\Users\kirby\AppData\Local\Temp




Periodic native trim disabled

---------------  S Y S T E M  ---------------

OS:
 Windows 11 , 64 bit Build 26100 (10.0.26100.8328)
OS uptime: 11 days 2:02 hours
Hyper-V role detected

CPU: total 12 (initial active 12) (6 cores per cpu, 2 threads per core) family 6 model 154 stepping 3 microcode 0x434, cx8, cmov, fxsr, ht, mmx, 3dnowpref, sse, sse2, sse3, ssse3, sse4.1, sse4.2, popcnt, lzcnt, tsc, tscinvbit, avx, avx2, aes, erms, clmul, bmi1, bmi2, adx, sha, fma, vzeroupper, clflush, clflushopt, clwb, hv, serialize, rdtscp, rdpid, fsrm, f16c, cet_ibt, cet_ss
Processor Information for the first 12 processors :
  Max Mhz: 2000, Current Mhz: 2000, Mhz Limit: 2000

Memory: 4k page, system-wide physical 16052M (975M free)
TotalPageFile size 65204M (AvailPageFile size 1M)
current process WorkingSet (physical memory assigned to process): 7M, peak: 1726M
current process commit charge ("private bytes"): 1365M, peak: 1834M

vm_info: OpenJDK 64-Bit Server VM (21.0.10+7-LTS) for windows-amd64 JRE (21.0.10+7-LTS), built on 2026-01-20T00:00:00Z by "admin" with MS VC++ 17.12 (VS2022)

END.
